composeApp/build/intermediates/manifest_merge_blame_file/debug/processDebugMainManifest/manifest-merger-blame-debug-report.txt
1<?xml version="1.0" encoding="utf-8"?>
2<manifest xmlns:android="http://schemas.android.com/apk/res/android"
3    package="org.example.project"
4    android:versionCode="1"
5    android:versionName="1.0" >
6
7    <uses-sdk
8        android:minSdkVersion="24"
9        android:targetSdkVersion="36" />
10
11    <uses-permission android:name="android.permission.INTERNET" />
11-->src\androidMain\AndroidManifest.xml:4:5-67
11-->src\androidMain\AndroidManifest.xml:4:22-64
12
13    <permission
13-->[androidx.core:core:1.18.0] AndroidManifest.xml:22:5-24:47
14        android:name="org.example.project.DYNAMIC_RECEIVER_NOT_EXPORTED_PERMISSION"
14-->[androidx.core:core:1.18.0] AndroidManifest.xml:23:9-81
15        android:protectionLevel="signature" />
15-->[androidx.core:core:1.18.0] AndroidManifest.xml:24:9-44
16
17    <uses-permission android:name="org.example.project.DYNAMIC_RECEIVER_NOT_EXPORTED_PERMISSION" />
17-->[androidx.core:core:1.18.0] AndroidManifest.xml:26:5-97
17-->[androidx.core:core:1.18.0] AndroidManifest.xml:26:22-94
18
19    <application
19-->src\androidMain\AndroidManifest.xml:6:5-22:19
20        android:allowBackup="true"
20-->src\androidMain\AndroidManifest.xml:7:9-35
21        android:appComponentFactory="androidx.core.app.CoreComponentFactory"
21-->[androidx.core:core:1.18.0] AndroidManifest.xml:28:18-86
22        android:debuggable="true"
23        android:extractNativeLibs="false"
24        android:icon="@mipmap/ic_launcher"
24-->src\androidMain\AndroidManifest.xml:8:9-43
25        android:label="@string/app_name"
25-->src\androidMain\AndroidManifest.xml:9:9-41
26        android:roundIcon="@mipmap/ic_launcher_round"
26-->src\androidMain\AndroidManifest.xml:10:9-54
27        android:supportsRtl="true"
27-->src\androidMain\AndroidManifest.xml:11:9-35
28        android:testOnly="true"
29        android:theme="@android:style/Theme.Material.Light.NoActionBar" >
29-->src\androidMain\AndroidManifest.xml:12:9-72
30        <activity
30-->src\androidMain\AndroidManifest.xml:13:9-21:20
31            android:name="org.example.project.MainActivity"
31-->src\androidMain\AndroidManifest.xml:15:13-41
32            android:exported="true" >
32-->src\androidMain\AndroidManifest.xml:14:13-36
33            <intent-filter>
33-->src\androidMain\AndroidManifest.xml:16:13-20:29
34                <action android:name="android.intent.action.MAIN" />
34-->src\androidMain\AndroidManifest.xml:17:17-69
34-->src\androidMain\AndroidManifest.xml:17:25-66
35
36                <category android:name="android.intent.category.LAUNCHER" />
36-->src\androidMain\AndroidManifest.xml:19:17-77
36-->src\androidMain\AndroidManifest.xml:19:27-74
37            </intent-filter>
38        </activity>
39
40        <provider
40-->[org.jetbrains.compose.components:components-resources-android:1.10.3] AndroidManifest.xml:8:9-13:20
41            android:name="org.jetbrains.compose.resources.AndroidContextProvider"
41-->[org.jetbrains.compose.components:components-resources-android:1.10.3] AndroidManifest.xml:9:13-82
42            android:authorities="org.example.project.resources.AndroidContextProvider"
42-->[org.jetbrains.compose.components:components-resources-android:1.10.3] AndroidManifest.xml:10:13-84
43            android:enabled="true"
43-->[org.jetbrains.compose.components:components-resources-android:1.10.3] AndroidManifest.xml:11:13-35
44            android:exported="false" >
44-->[org.jetbrains.compose.components:components-resources-android:1.10.3] AndroidManifest.xml:12:13-37
45        </provider>
46
47        <activity
47-->[androidx.compose.ui:ui-tooling-android:1.10.5] AndroidManifest.xml:23:9-25:39
48            android:name="androidx.compose.ui.tooling.PreviewActivity"
48-->[androidx.compose.ui:ui-tooling-android:1.10.5] AndroidManifest.xml:24:13-71
49            android:exported="true" />
49-->[androidx.compose.ui:ui-tooling-android:1.10.5] AndroidManifest.xml:25:13-36
50
51        <uses-library
51-->[androidx.window:window:1.5.0] AndroidManifest.xml:23:9-25:40
52            android:name="androidx.window.extensions"
52-->[androidx.window:window:1.5.0] AndroidManifest.xml:24:13-54
53            android:required="false" />
53-->[androidx.window:window:1.5.0] AndroidManifest.xml:25:13-37
54        <uses-library
54-->[androidx.window:window:1.5.0] AndroidManifest.xml:26:9-28:40
55            android:name="androidx.window.sidecar"
55-->[androidx.window:window:1.5.0] AndroidManifest.xml:27:13-51
56            android:required="false" />
56-->[androidx.window:window:1.5.0] AndroidManifest.xml:28:13-37
57
58        <provider
58-->[androidx.emoji2:emoji2:1.4.0] AndroidManifest.xml:24:9-32:20
59            android:name="androidx.startup.InitializationProvider"
59-->[androidx.emoji2:emoji2:1.4.0] AndroidManifest.xml:25:13-67
60            android:authorities="org.example.project.androidx-startup"
60-->[androidx.emoji2:emoji2:1.4.0] AndroidManifest.xml:26:13-68
61            android:exported="false" >
61-->[androidx.emoji2:emoji2:1.4.0] AndroidManifest.xml:27:13-37
62            <meta-data
62-->[androidx.emoji2:emoji2:1.4.0] AndroidManifest.xml:29:13-31:52
63                android:name="androidx.emoji2.text.EmojiCompatInitializer"
63-->[androidx.emoji2:emoji2:1.4.0] AndroidManifest.xml:30:17-75
64                android:value="androidx.startup" />
64-->[androidx.emoji2:emoji2:1.4.0] AndroidManifest.xml:31:17-49
65            <meta-data
65-->[androidx.lifecycle:lifecycle-process:2.10.0] AndroidManifest.xml:29:13-31:52
66                android:name="androidx.lifecycle.ProcessLifecycleInitializer"
66-->[androidx.lifecycle:lifecycle-process:2.10.0] AndroidManifest.xml:30:17-78
67                android:value="androidx.startup" />
67-->[androidx.lifecycle:lifecycle-process:2.10.0] AndroidManifest.xml:31:17-49
68            <meta-data
68-->[androidx.profileinstaller:profileinstaller:1.4.1] AndroidManifest.xml:29:13-31:52
69                android:name="androidx.profileinstaller.ProfileInstallerInitializer"
69-->[androidx.profileinstaller:profileinstaller:1.4.1] AndroidManifest.xml:30:17-85
70                android:value="androidx.startup" />
70-->[androidx.profileinstaller:profileinstaller:1.4.1] AndroidManifest.xml:31:17-49
71        </provider>
72
73        <receiver
73-->[androidx.profileinstaller:profileinstaller:1.4.1] AndroidManifest.xml:34:9-52:20
74            android:name="androidx.profileinstaller.ProfileInstallReceiver"
74-->[androidx.profileinstaller:profileinstaller:1.4.1] AndroidManifest.xml:35:13-76
75            android:directBootAware="false"
75-->[androidx.profileinstaller:profileinstaller:1.4.1] AndroidManifest.xml:36:13-44
76            android:enabled="true"
76-->[androidx.profileinstaller:profileinstaller:1.4.1] AndroidManifest.xml:37:13-35
77            android:exported="true"
77-->[androidx.profileinstaller:profileinstaller:1.4.1] AndroidManifest.xml:38:13-36
78            android:permission="android.permission.DUMP" >
78-->[androidx.profileinstaller:profileinstaller:1.4.1] AndroidManifest.xml:39:13-57
79            <intent-filter>
79-->[androidx.profileinstaller:profileinstaller:1.4.1] AndroidManifest.xml:40:13-42:29
80                <action android:name="androidx.profileinstaller.action.INSTALL_PROFILE" />
80-->[androidx.profileinstaller:profileinstaller:1.4.1] AndroidManifest.xml:41:17-91
80-->[androidx.profileinstaller:profileinstaller:1.4.1] AndroidManifest.xml:41:25-88
81            </intent-filter>
82            <intent-filter>
82-->[androidx.profileinstaller:profileinstaller:1.4.1] AndroidManifest.xml:43:13-45:29
83                <action android:name="androidx.profileinstaller.action.SKIP_FILE" />
83-->[androidx.profileinstaller:profileinstaller:1.4.1] AndroidManifest.xml:44:17-85
83-->[androidx.profileinstaller:profileinstaller:1.4.1] AndroidManifest.xml:44:25-82
84            </intent-filter>
85            <intent-filter>
85-->[androidx.profileinstaller:profileinstaller:1.4.1] AndroidManifest.xml:46:13-48:29
86                <action android:name="androidx.profileinstaller.action.SAVE_PROFILE" />
86-->[androidx.profileinstaller:profileinstaller:1.4.1] AndroidManifest.xml:47:17-88
86-->[androidx.profileinstaller:profileinstaller:1.4.1] AndroidManifest.xml:47:25-85
87            </intent-filter>
88            <intent-filter>
88-->[androidx.profileinstaller:profileinstaller:1.4.1] AndroidManifest.xml:49:13-51:29
89                <action android:name="androidx.profileinstaller.action.BENCHMARK_OPERATION" />
89-->[androidx.profileinstaller:profileinstaller:1.4.1] AndroidManifest.xml:50:17-95
89-->[androidx.profileinstaller:profileinstaller:1.4.1] AndroidManifest.xml:50:25-92
90            </intent-filter>
91        </receiver>
92    </application>
93
94</manifest>